<?xml version="1.0" encoding="UTF-8"?>
<testng-results skipped="0" failed="0" ignored="0" total="1" passed="1">
  <reporter-output>
  </reporter-output>
  <suite name="Default suite" duration-ms="23885" started-at="2019-08-28T12:11:19Z" finished-at="2019-08-28T12:11:43Z">
    <groups>
    </groups>
    <test name="Default test" duration-ms="23885" started-at="2019-08-28T12:11:19Z" finished-at="2019-08-28T12:11:43Z">
      <class name="Task.PizzaHutTASK">
        <test-method status="PASS" signature="Pizza()[pri:0, instance:Task.PizzaHutTASK@5622fdf]" name="Pizza" duration-ms="23847" started-at="2019-08-28T12:11:19Z" finished-at="2019-08-28T12:11:43Z">
          <reporter-output>
          </reporter-output>
        </test-method> <!-- Pizza -->
      </class> <!-- Task.PizzaHutTASK -->
    </test> <!-- Default test -->
  </suite> <!-- Default suite -->
</testng-results>
